{
  "stats": {
    "suites": 1,
    "tests": 3,
    "passes": 3,
    "pending": 0,
    "failures": 0,
    "start": "2024-05-08T05:33:01.426Z",
    "end": "2024-05-08T05:33:01.442Z",
    "duration": 16,
    "testsRegistered": 3,
    "passPercent": 100,
    "pendingPercent": 0,
    "other": 0,
    "hasOther": false,
    "skipped": 0,
    "hasSkipped": false
  },
  "results": [
    {
      "uuid": "0bd8e2d9-adf5-4282-8af8-47a977948122",
      "title": "",
      "fullFile": "D:\\ENRIQUE\\Programming\\EPAM_Automation_Testing\\test\\numberValidator\\isNumberEven.spec.js",
      "file": "\\test\\numberValidator\\isNumberEven.spec.js",
      "beforeHooks": [],
      "afterHooks": [],
      "tests": [],
      "suites": [
        {
          "uuid": "0425817f-cd7c-460d-93b4-4bc249084383",
          "title": "isNumberEven",
          "fullFile": "D:\\ENRIQUE\\Programming\\EPAM_Automation_Testing\\test\\numberValidator\\isNumberEven.spec.js",
          "file": "\\test\\numberValidator\\isNumberEven.spec.js",
          "beforeHooks": [
            {
              "title": "\"before each\" hook in \"isNumberEven\"",
              "fullTitle": "isNumberEven \"before each\" hook in \"isNumberEven\"",
              "timedOut": false,
              "duration": 0,
              "state": null,
              "speed": null,
              "pass": false,
              "fail": false,
              "pending": false,
              "context": null,
              "code": "validator = new NumbersValidator();",
              "err": {},
              "uuid": "066540c0-b2df-4f33-bf44-802aad0a4b34",
              "parentUUID": "0425817f-cd7c-460d-93b4-4bc249084383",
              "isHook": true,
              "skipped": false
            }
          ],
          "afterHooks": [
            {
              "title": "\"after each\" hook in \"isNumberEven\"",
              "fullTitle": "isNumberEven \"after each\" hook in \"isNumberEven\"",
              "timedOut": false,
              "duration": 0,
              "state": null,
              "speed": null,
              "pass": false,
              "fail": false,
              "pending": false,
              "context": null,
              "code": "validator = null;",
              "err": {},
              "uuid": "dff890e0-1c26-45c0-bb72-4617fc117f4e",
              "parentUUID": "0425817f-cd7c-460d-93b4-4bc249084383",
              "isHook": true,
              "skipped": false
            }
          ],
          "tests": [
            {
              "title": "should return true if number is even",
              "fullTitle": "isNumberEven should return true if number is even",
              "timedOut": false,
              "duration": 1,
              "state": "passed",
              "speed": "fast",
              "pass": true,
              "fail": false,
              "pending": false,
              "context": null,
              "code": "expect(validator.isNumberEven(4)).to.be.equal(true);",
              "err": {},
              "uuid": "2c130d31-f106-4bb0-af0f-50279bfbd587",
              "parentUUID": "0425817f-cd7c-460d-93b4-4bc249084383",
              "isHook": false,
              "skipped": false
            },
            {
              "title": "should return false if number is odd",
              "fullTitle": "isNumberEven should return false if number is odd",
              "timedOut": false,
              "duration": 0,
              "state": "passed",
              "speed": "fast",
              "pass": true,
              "fail": false,
              "pending": false,
              "context": null,
              "code": "expect(validator.isNumberEven(3)).to.be.equal(false);",
              "err": {},
              "uuid": "1ed2ee89-42da-48f6-afce-a920cfd87a40",
              "parentUUID": "0425817f-cd7c-460d-93b4-4bc249084383",
              "isHook": false,
              "skipped": false
            },
            {
              "title": "should throw an error when provided a String",
              "fullTitle": "isNumberEven should throw an error when provided a String",
              "timedOut": false,
              "duration": 1,
              "state": "passed",
              "speed": "fast",
              "pass": true,
              "fail": false,
              "pending": false,
              "context": null,
              "code": "expect(() =>{\n    validator.isNumberEven(\"4\");\n}).to.throw('[4] is not of type \"Number\" it is of type \"string\"');",
              "err": {},
              "uuid": "b35104f5-aa14-4fb8-9498-7fd0d39921d5",
              "parentUUID": "0425817f-cd7c-460d-93b4-4bc249084383",
              "isHook": false,
              "skipped": false
            }
          ],
          "suites": [],
          "passes": [
            "2c130d31-f106-4bb0-af0f-50279bfbd587",
            "1ed2ee89-42da-48f6-afce-a920cfd87a40",
            "b35104f5-aa14-4fb8-9498-7fd0d39921d5"
          ],
          "failures": [],
          "pending": [],
          "skipped": [],
          "duration": 2,
          "root": false,
          "rootEmpty": false,
          "_timeout": 2000
        }
      ],
      "passes": [],
      "failures": [],
      "pending": [],
      "skipped": [],
      "duration": 0,
      "root": true,
      "rootEmpty": true,
      "_timeout": 2000
    }
  ],
  "meta": {
    "mocha": {
      "version": "10.4.0"
    },
    "mochawesome": {
      "options": {
        "quiet": false,
        "reportFilename": "mochawesome",
        "saveHtml": true,
        "saveJson": true,
        "consoleReporter": "spec",
        "useInlineDiffs": false,
        "code": true
      },
      "version": "7.1.3"
    },
    "marge": {
      "options": null,
      "version": "6.2.0"
    }
  }
}