{
  "stats": {
    "suites": 1,
    "tests": 2,
    "passes": 2,
    "pending": 0,
    "failures": 0,
    "start": "2024-05-07T02:51:38.673Z",
    "end": "2024-05-07T02:51:38.691Z",
    "duration": 18,
    "testsRegistered": 2,
    "passPercent": 100,
    "pendingPercent": 0,
    "other": 0,
    "hasOther": false,
    "skipped": 0,
    "hasSkipped": false
  },
  "results": [
    {
      "uuid": "69bcfe09-3608-4aca-be47-467356831da5",
      "title": "",
      "fullFile": "D:\\ENRIQUE\\Programming\\EPAM_Automation_Testing\\test\\numberValidator\\isNumberEven.spec.js",
      "file": "\\test\\numberValidator\\isNumberEven.spec.js",
      "beforeHooks": [],
      "afterHooks": [],
      "tests": [],
      "suites": [
        {
          "uuid": "d2e14313-7bbc-4009-a47d-d21a39847a85",
          "title": "isNumberEven",
          "fullFile": "D:\\ENRIQUE\\Programming\\EPAM_Automation_Testing\\test\\numberValidator\\isNumberEven.spec.js",
          "file": "\\test\\numberValidator\\isNumberEven.spec.js",
          "beforeHooks": [
            {
              "title": "\"before each\" hook in \"isNumberEven\"",
              "fullTitle": "isNumberEven \"before each\" hook in \"isNumberEven\"",
              "timedOut": false,
              "duration": 0,
              "state": null,
              "speed": null,
              "pass": false,
              "fail": false,
              "pending": false,
              "context": null,
              "code": "// Instantiates a new NumbersValidator object before each test and assigns it to 'validator'\nvalidator = new NumbersValidator();",
              "err": {},
              "uuid": "bdbb6408-e4d5-4282-91a6-332a1915c766",
              "parentUUID": "d2e14313-7bbc-4009-a47d-d21a39847a85",
              "isHook": true,
              "skipped": false
            }
          ],
          "afterHooks": [
            {
              "title": "\"after each\" hook in \"isNumberEven\"",
              "fullTitle": "isNumberEven \"after each\" hook in \"isNumberEven\"",
              "timedOut": false,
              "duration": 0,
              "state": null,
              "speed": null,
              "pass": false,
              "fail": false,
              "pending": false,
              "context": null,
              "code": "// Sets the validator variable to null to clean up memory after each test\nvalidator = null;",
              "err": {},
              "uuid": "a69fe812-4076-443f-bbf4-032205110bdc",
              "parentUUID": "d2e14313-7bbc-4009-a47d-d21a39847a85",
              "isHook": true,
              "skipped": false
            }
          ],
          "tests": [
            {
              "title": "should return true if number is even",
              "fullTitle": "isNumberEven should return true if number is even",
              "timedOut": false,
              "duration": 1,
              "state": "passed",
              "speed": "fast",
              "pass": true,
              "fail": false,
              "pending": false,
              "context": null,
              "code": "// Using 'expect' to assert that the 'isNumberEven' method returns true when\n// passed the even number 4. The '.to.be.equal(true)' is the actual assertion check.\nexpect(validator.isNumberEven(4)).to.be.equal(true);",
              "err": {},
              "uuid": "063192e7-a3cb-47c6-8326-aac6077e0a4a",
              "parentUUID": "d2e14313-7bbc-4009-a47d-d21a39847a85",
              "isHook": false,
              "skipped": false
            },
            {
              "title": "should throw an error when provided a String",
              "fullTitle": "isNumberEven should throw an error when provided a String",
              "timedOut": false,
              "duration": 1,
              "state": "passed",
              "speed": "fast",
              "pass": true,
              "fail": false,
              "pending": false,
              "context": null,
              "code": "expect(() =>{\n    validator.isNumberEven(\"4\")\n}).to.throw('[4] is not of type \"Number\" it is of type \"string\"')",
              "err": {},
              "uuid": "a15d15f1-d7e1-4590-bfce-a384a816fb00",
              "parentUUID": "d2e14313-7bbc-4009-a47d-d21a39847a85",
              "isHook": false,
              "skipped": false
            }
          ],
          "suites": [],
          "passes": [
            "063192e7-a3cb-47c6-8326-aac6077e0a4a",
            "a15d15f1-d7e1-4590-bfce-a384a816fb00"
          ],
          "failures": [],
          "pending": [],
          "skipped": [],
          "duration": 2,
          "root": false,
          "rootEmpty": false,
          "_timeout": 2000
        }
      ],
      "passes": [],
      "failures": [],
      "pending": [],
      "skipped": [],
      "duration": 0,
      "root": true,
      "rootEmpty": true,
      "_timeout": 2000
    }
  ],
  "meta": {
    "mocha": {
      "version": "10.4.0"
    },
    "mochawesome": {
      "options": {
        "quiet": false,
        "reportFilename": "mochawesome",
        "saveHtml": true,
        "saveJson": true,
        "consoleReporter": "spec",
        "useInlineDiffs": false,
        "code": true
      },
      "version": "7.1.3"
    },
    "marge": {
      "options": null,
      "version": "6.2.0"
    }
  }
}